<?xml version="1.0" encoding="UTF-8"?>
<!-- Generated by org.testng.reporters.JUnitReportReporter -->
<testsuite hostname="LAPTOP-M0PMQB4K" failures="0" tests="1" name="demo.toolsqa.alertsframesandwindows.BrowserWindowsDemo" time="14.664" errors="0" timestamp="2022-02-15T19:25:12 IST" skipped="0">
  <testcase classname="demo.toolsqa.alertsframesandwindows.BrowserWindowsDemo" name="BrowserWindows" time="14.664"/>
  <system-out>
    <![CDATA[Open browser windows tab succesfully..
Click on New Tab Button..
New Tab Opened Successfully.
Back to browser windows tab.
Click on New Windows Button..
Switch on New Windows Successfully..
New window Opened Successfully.
Back to browser windows tab.
Tab, new Windows , new windows message run Successfully..]]>
  </system-out>
</testsuite> <!-- demo.toolsqa.alertsframesandwindows.BrowserWindowsDemo -->
