<?xml version="1.0" encoding="UTF-8"?>
<!-- Generated by org.testng.reporters.JUnitReportReporter -->
<testsuite hostname="LAPTOP-M0PMQB4K" failures="0" tests="1" name="demo.toolsqa.alertsframesandwindows.AlertsDemo" time="25.519" errors="0" timestamp="2022-02-15T17:30:11 IST" skipped="0">
  <testcase classname="demo.toolsqa.alertsframesandwindows.AlertsDemo" name="BrowserWindows" time="25.519"/>
  <system-out>
    <![CDATA[simple alert accepted Successfully..
simple alert accepted Successfully..
confirm alert dissmissed Successfully..
 Your prompt alert entered  text accepted Successfully..]]>
  </system-out>
</testsuite> <!-- demo.toolsqa.alertsframesandwindows.AlertsDemo -->
