<?xml version="1.0" encoding="UTF-8"?>
<!-- Generated by org.testng.reporters.JUnitReportReporter -->
<testsuite hostname="LAPTOP-M0PMQB4K" failures="0" tests="2" name="demo.toolsqa.alertsframesandwindows.FrameDemo" time="19.968" errors="0" timestamp="2022-02-15T18:38:28 IST" skipped="0">
  <testcase classname="demo.toolsqa.alertsframesandwindows.FrameDemo" name="NestedFrame" time="6.727"/>
  <system-out>
    <![CDATA[Parent Frame switched Successfully..
childFrame switched Successfully..]]>
  </system-out>
  <testcase classname="demo.toolsqa.alertsframesandwindows.FrameDemo" name="Frame" time="13.241"/>
  <system-out>
    <![CDATA[frame1 switched Successfully..
frame2 switched Successfully..]]>
  </system-out>
</testsuite> <!-- demo.toolsqa.alertsframesandwindows.FrameDemo -->
