<?xml version="1.0" encoding="UTF-8"?>
<!-- Generated by org.testng.reporters.JUnitReportReporter -->
<testsuite hostname="LAPTOP-M0PMQB4K" failures="0" tests="1" name="demo.toolsqa.alertsframesandwindows.ModelDialogsDemo" time="10.075" errors="0" timestamp="2022-03-25T20:30:33 IST" skipped="0">
  <testcase classname="demo.toolsqa.alertsframesandwindows.ModelDialogsDemo" name="ModelDialogs" time="10.075"/>
  <system-out>
    <![CDATA[small model work Successfully..
Large model work Successfully..]]>
  </system-out>
</testsuite> <!-- demo.toolsqa.alertsframesandwindows.ModelDialogsDemo -->
