<?xml version="1.0" encoding="UTF-8"?>
<!-- Generated by org.testng.reporters.JUnitReportReporter -->
<testsuite hostname="LAPTOP-M0PMQB4K" failures="0" tests="1" name="demo.toolsqa.alertsframesandwindows.FrameAndNestedFrameDemo" time="13.495" errors="0" timestamp="2022-03-15T16:15:31 IST" skipped="0">
  <testcase classname="demo.toolsqa.alertsframesandwindows.FrameAndNestedFrameDemo" name="Frame" time="13.495"/>
  <system-out>
    <![CDATA[frame1 switched Successfully..
frame2 switched Successfully..]]>
  </system-out>
</testsuite> <!-- demo.toolsqa.alertsframesandwindows.FrameAndNestedFrameDemo -->
